<?xml version="1.0" encoding="UTF-8"?>
<!-- Generated by org.testng.reporters.JUnitXMLReporter -->
<testsuite hostname="CSCINDAF026321" name="Demo Test" tests="3" failures="0" timestamp="25 Feb 2014 14:27:24 GMT" time="363.729" errors="0">
  <testcase name="EP_Launch_Test" time="11.103" classname="com.scripts.EP_SetUp_TearDown"/>
  <testcase name="EP_CBReservationTest" time="241.472" classname="com.scripts.EP_SignupRegistration"/>
  <testcase name="EP_CBReservationTest" time="106.297" classname="com.scripts.EP_CBReservation"/>
</testsuite> <!-- Demo Test -->
