<?xml version="1.0" encoding="UTF-8"?>
<!-- Generated by org.testng.reporters.JUnitXMLReporter -->
<testsuite hostname="CSCINDAF026321" name="Demo Test1" tests="1" failures="1" timestamp="20 Feb 2014 13:36:46 GMT" time="10.056" errors="0">
  <testcase name="EP_SignUpTest" time="10.054" classname="com.scripts.EP_SignUp">
    <failure type="java.lang.AssertionError" message="null">
      <![CDATA[java.lang.AssertionError: null
	at com.util.REPORTER.LogEvent(REPORTER.java:714)
	at com.util.INITIALIZE.getTestObject(INITIALIZE.java:151)
	at com.scripts.EP_SignUp.EP_SignUpTest(EP_SignUp.java:21)
... Removed 26 stack frames]]>
    </failure>
  </testcase> <!-- EP_SignUpTest -->
</testsuite> <!-- Demo Test1 -->
