<?xml version="1.0" encoding="UTF-8"?>
<!-- Generated by org.testng.reporters.JUnitXMLReporter -->
<testsuite hostname="CSCUSLNAH014094" name="Care Center Portal Sanity" tests="1" failures="1" timestamp="6 Mar 2014 19:13:06 GMT" time="86.858" errors="0">
  <testcase name="EP_SignUpTest" time="81.461" classname="com.bhs.scripts.employeeportal.EP_SignUp">
    <failure type="java.lang.AssertionError" message="null">
      <![CDATA[java.lang.AssertionError: null
	at com.bhs.util.REPORTER.LogEvent(REPORTER.java:714)
	at com.bhs.util.REPORTER.catchException(REPORTER.java:1033)
	at com.bhs.util.COMMON_METHODS.checkElement(COMMON_METHODS.java:164)
	at com.bhs.util.COMMON_METHODS.VerifyTextPresent(COMMON_METHODS.java:1019)
	at com.bhs.scripts.employeeportal.EP_SignUp.EP_SignUpTest(EP_SignUp.java:39)
... Removed 26 stack frames]]>
    </failure>
  </testcase> <!-- EP_SignUpTest -->
</testsuite> <!-- Care Center Portal Sanity -->
