<?xml version="1.0" encoding="UTF-8"?>
<!-- Generated by org.testng.reporters.JUnitXMLReporter -->
<testsuite hostname="CSCUSLNAH014094" name="BH EP Basic Flows" tests="52" failures="16" timestamp="13 Mar 2014 19:31:01 GMT" time="3371.243" errors="0">
  <testcase name="EP_SignUpPageTest" time="13.55" classname="com.bhs.scripts.employeeportal.EP_SignUp_Tests"/>
  <testcase name="EP_SignUpPolicyPageTest" time="22.342" classname="com.bhs.scripts.employeeportal.EP_SignUp_Tests"/>
  <testcase name="EP_SignUpUserSubmitPolicyTest" time="16.146" classname="com.bhs.scripts.employeeportal.EP_SignUp_Tests"/>
  <testcase name="EP_SignUpUserUpdateEmpProfile" time="68.618" classname="com.bhs.scripts.employeeportal.EP_SignUp_Tests"/>
  <testcase name="EP_UpdateEmpProfile" time="72.343" classname="com.bhs.scripts.employeeportal.EP_SignUp_Tests"/>
  <testcase name="EP_SignInSuccessfullogin" time="43.111" classname="com.bhs.scripts.employeeportal.EP_SignUp_Tests"/>
  <testcase name="EP_SignUpAgreementPolicy" time="24.903" classname="com.bhs.scripts.employeeportal.EP_SignUp_Tests"/>
  <testcase name="EP_SignUpSuccessfulSignUp" time="55.377" classname="com.bhs.scripts.employeeportal.EP_SignUp_Tests"/>
  <testcase name="EP_HomepageNavigation" time="113.905" classname="com.bhs.scripts.employeeportal.EP_Home_Tests"/>
  <testcase name="EP_General" time="36.623" classname="com.bhs.scripts.employeeportal.EP_Home_Tests"/>
  <testcase name="EP_MyAccount" time="63.417" classname="com.bhs.scripts.employeeportal.EP_Home_Tests">
    <failure type="java.lang.AssertionError" message="null">
      <![CDATA[java.lang.AssertionError: null
	at com.bhs.util.REPORTER.LogEvent(REPORTER.java:722)
	at com.bhs.util.REPORTER.catchException(REPORTER.java:1041)
	at com.bhs.util.COMMON_METHODS.editAField(COMMON_METHODS.java:306)
	at com.bhs.BusinessComponents.EP_BusinessComponents.EP_Update_General_Settings(EP_BusinessComponents.java:1521)
	at com.bhs.scripts.employeeportal.EP_Home_Tests.EP_MyAccount(EP_Home_Tests.java:146)
... Removed 26 stack frames]]>
    </failure>
  </testcase> <!-- EP_MyAccount -->
  <testcase name="Help_Email_Us_Link_Submit" time="50.202" classname="com.bhs.scripts.employeeportal.EP_Home_Tests"/>
  <testcase name="Help_Email_Us_Link_Cancel" time="63.201" classname="com.bhs.scripts.employeeportal.EP_Home_Tests">
    <failure type="java.lang.AssertionError" message="null">
      <![CDATA[java.lang.AssertionError: null
	at com.bhs.util.REPORTER.LogEvent(REPORTER.java:722)
	at com.bhs.scripts.employeeportal.EP_Home_Tests.Help_Email_Us_Link_Cancel(EP_Home_Tests.java:312)
... Removed 26 stack frames]]>
    </failure>
  </testcase> <!-- Help_Email_Us_Link_Cancel -->
  <testcase name="EP_Feedback_Submit" time="51.26" classname="com.bhs.scripts.employeeportal.EP_Home_Tests"/>
  <testcase name="EP_Add_Payment_Information" time="79.09" classname="com.bhs.scripts.employeeportal.EP_Home_Tests"/>
  <testcase name="My_Profile_ensure_funding_links" time="43.141" classname="com.bhs.scripts.employeeportal.EP_Home_Tests"/>
  <testcase name="EP_Help_FAQ_Topic_Links" time="42.565" classname="com.bhs.scripts.employeeportal.EP_Home_Tests"/>
  <testcase name="EP_LoadsHelpPage" time="39.469" classname="com.bhs.scripts.employeeportal.EP_Home_Tests"/>
  <testcase name="EP_ProviderStandardSearchTest" time="59.243" classname="com.bhs.scripts.employeeportal.EP_Provider_Tests"/>
  <testcase name="EP_ProviderSubmitNomination" time="68.84" classname="com.bhs.scripts.employeeportal.EP_Provider_Tests"/>
  <testcase name="EP_Benefits" time="81.563" classname="com.bhs.scripts.employeeportal.EP_Benefit_Test"/>
  <testcase name="EP_BenefitsPriorityAccess" time="152.78" classname="com.bhs.scripts.employeeportal.EP_Benefit_Test">
    <failure type="java.lang.AssertionError" message="null">
      <![CDATA[java.lang.AssertionError: null
	at com.bhs.util.REPORTER.LogEvent(REPORTER.java:722)
	at com.bhs.util.REPORTER.catchException(REPORTER.java:1041)
	at com.bhs.util.COMMON_METHODS.VerifyTextPresent(COMMON_METHODS.java:1098)
	at com.bhs.scripts.employeeportal.EP_Benefit_Test.EP_BenefitsPriorityAccess(EP_Benefit_Test.java:175)
... Removed 26 stack frames]]>
    </failure>
  </testcase> <!-- EP_BenefitsPriorityAccess -->
  <testcase name="EP_BenefitsPolicies_BacktoTopLinks" time="55.529" classname="com.bhs.scripts.employeeportal.EP_Benefit_Test"/>
  <testcase name="EP_BenefitsPolicies_JumpToPolicy" time="79.687" classname="com.bhs.scripts.employeeportal.EP_Benefit_Test">
    <failure type="java.lang.AssertionError" message="null">
      <![CDATA[java.lang.AssertionError: null
	at com.bhs.util.REPORTER.LogEvent(REPORTER.java:722)
	at com.bhs.util.COMMON_METHODS.VerifyTextPresent(COMMON_METHODS.java:1092)
	at com.bhs.scripts.employeeportal.EP_Benefit_Test.EP_BenefitsPolicies_JumpToPolicy(EP_Benefit_Test.java:347)
... Removed 26 stack frames]]>
    </failure>
  </testcase> <!-- EP_BenefitsPolicies_JumpToPolicy -->
  <testcase name="EP_MakeAReservation" time="94.557" classname="com.bhs.scripts.employeeportal.EP_Benefit_Test"/>
  <testcase name="EP_OverviewLinksValidation" time="49.487" classname="com.bhs.scripts.employeeportal.EP_Benefit_Test"/>
  <testcase name="EP_CareProfileSignupUser" time="99.749" classname="com.bhs.scripts.employeeportal.EP_CareProfiles_Tests">
    <failure type="java.lang.AssertionError" message="null">
      <![CDATA[java.lang.AssertionError: null
	at com.bhs.util.REPORTER.LogEvent(REPORTER.java:722)
	at com.bhs.util.REPORTER.catchException(REPORTER.java:1041)
	at com.bhs.util.COMMON_METHODS.clickElement(COMMON_METHODS.java:391)
	at com.bhs.BusinessComponents.EP_BusinessComponents.EP_verifyEmployer(EP_BusinessComponents.java:132)
	at com.bhs.scripts.employeeportal.EP_CareProfiles_Tests.EP_CareProfileSignupUser(EP_CareProfiles_Tests.java:37)
... Removed 26 stack frames]]>
    </failure>
  </testcase> <!-- EP_CareProfileSignupUser -->
  <testcase name="EP_CareProfileMyProfileTest" time="0.003" classname="com.bhs.scripts.employeeportal.EP_CareProfiles_Tests">
    <skipped/>
  </testcase> <!-- EP_CareProfileMyProfileTest -->
  <testcase name="EP_CareProfileEmployeeProfileTest" time="0.001" classname="com.bhs.scripts.employeeportal.EP_CareProfiles_Tests">
    <skipped/>
  </testcase> <!-- EP_CareProfileEmployeeProfileTest -->
  <testcase name="EP_CareProfileAddCareRecipientsTest" time="0.0" classname="com.bhs.scripts.employeeportal.EP_CareProfiles_Tests">
    <skipped/>
  </testcase> <!-- EP_CareProfileAddCareRecipientsTest -->
  <testcase name="EP_CareProfileLocations" time="0.001" classname="com.bhs.scripts.employeeportal.EP_CareProfiles_Tests">
    <skipped/>
  </testcase> <!-- EP_CareProfileLocations -->
  <testcase name="EP_CareProfileICONS" time="0.001" classname="com.bhs.scripts.employeeportal.EP_CareProfiles_Tests">
    <skipped/>
  </testcase> <!-- EP_CareProfileICONS -->
  <testcase name="EP_CareProfileAddAuthorizationContacts" time="0.0" classname="com.bhs.scripts.employeeportal.EP_CareProfiles_Tests">
    <skipped/>
  </testcase> <!-- EP_CareProfileAddAuthorizationContacts -->
  <testcase name="EP_CareProfileUpdateAuthorizationContacts" time="0.001" classname="com.bhs.scripts.employeeportal.EP_CareProfiles_Tests">
    <skipped/>
  </testcase> <!-- EP_CareProfileUpdateAuthorizationContacts -->
  <testcase name="EP_CareProfileUpdateHomeLocation" time="0.0" classname="com.bhs.scripts.employeeportal.EP_CareProfiles_Tests">
    <skipped/>
  </testcase> <!-- EP_CareProfileUpdateHomeLocation -->
  <testcase name="EP_VerifyAuthorizedContactPage" time="0.0" classname="com.bhs.scripts.employeeportal.EP_CareProfiles_Tests">
    <skipped/>
  </testcase> <!-- EP_VerifyAuthorizedContactPage -->
  <testcase name="EP_VerifyAuthorizedContactBenefitAccessYes" time="0.001" classname="com.bhs.scripts.employeeportal.EP_CareProfiles_Tests">
    <skipped/>
  </testcase> <!-- EP_VerifyAuthorizedContactBenefitAccessYes -->
  <testcase name="EP_VerifyAuthorizedContactBenefitAccessNo" time="0.0" classname="com.bhs.scripts.employeeportal.EP_CareProfiles_Tests">
    <skipped/>
  </testcase> <!-- EP_VerifyAuthorizedContactBenefitAccessNo -->
  <testcase name="EP_VerifyAuthorizedContactRelationshipandPrivilages" time="0.0" classname="com.bhs.scripts.employeeportal.EP_CareProfiles_Tests">
    <skipped/>
  </testcase> <!-- EP_VerifyAuthorizedContactRelationshipandPrivilages -->
  <testcase name="EP_VerifyEmptyAuthorizedContactMessages" time="0.0" classname="com.bhs.scripts.employeeportal.EP_CareProfiles_Tests">
    <skipped/>
  </testcase> <!-- EP_VerifyEmptyAuthorizedContactMessages -->
  <testcase name="EP_CareProfileSignupUserCBReservation" time="300.284" classname="com.bhs.scripts.employeeportal.EP_Reservation_General_Test"/>
  <testcase name="EP_Res_Edit_Cancel_CareSessions" time="82.421" classname="com.bhs.scripts.employeeportal.EP_Reservation_General_Test">
    <failure type="java.lang.AssertionError" message="null">
      <![CDATA[java.lang.AssertionError: null
	at com.bhs.util.REPORTER.LogEvent(REPORTER.java:722)
	at com.bhs.util.COMMON_METHODS.VerifyTextPresent(COMMON_METHODS.java:1092)
	at com.bhs.scripts.employeeportal.EP_Reservation_General_Test.EP_Res_Edit_Cancel_CareSessions(EP_Reservation_General_Test.java:120)
... Removed 26 stack frames]]>
    </failure>
  </testcase> <!-- EP_Res_Edit_Cancel_CareSessions -->
  <testcase name="EP_ReservationFulfillment_ReserveNow" time="160.042" classname="com.bhs.scripts.employeeportal.EP_Reservation_General_Test">
    <failure type="java.lang.AssertionError" message="null">
      <![CDATA[java.lang.AssertionError: null
	at com.bhs.util.REPORTER.LogEvent(REPORTER.java:722)
	at com.bhs.util.REPORTER.catchException(REPORTER.java:1041)
	at com.bhs.util.COMMON_METHODS.clickElement(COMMON_METHODS.java:391)
	at com.bhs.scripts.employeeportal.EP_Reservation_General_Test.EP_ReservationFulfillment_ReserveNow(EP_Reservation_General_Test.java:173)
... Removed 26 stack frames]]>
    </failure>
  </testcase> <!-- EP_ReservationFulfillment_ReserveNow -->
  <testcase name="EP_Reservation_TellUsAbout_Section" time="149.923" classname="com.bhs.scripts.employeeportal.EP_Reservation_General_Test">
    <failure type="java.lang.AssertionError" message="null">
      <![CDATA[java.lang.AssertionError: null
	at com.bhs.util.REPORTER.LogEvent(REPORTER.java:722)
	at com.bhs.util.REPORTER.catchException(REPORTER.java:1041)
	at com.bhs.util.COMMON_METHODS.VerifyTextPresent(COMMON_METHODS.java:1098)
	at com.bhs.scripts.employeeportal.EP_Reservation_General_Test.EP_Reservation_TellUsAbout_Section(EP_Reservation_General_Test.java:266)
... Removed 26 stack frames]]>
    </failure>
  </testcase> <!-- EP_Reservation_TellUsAbout_Section -->
  <testcase name="EP_ReservationWizardStep1" time="97.373" classname="com.bhs.scripts.employeeportal.EP_Reservation_Test">
    <failure type="java.lang.AssertionError" message="null">
      <![CDATA[java.lang.AssertionError: null
	at com.bhs.util.REPORTER.LogEvent(REPORTER.java:722)
	at com.bhs.util.REPORTER.catchException(REPORTER.java:1041)
	at com.bhs.util.COMMON_METHODS.editAField(COMMON_METHODS.java:306)
	at com.bhs.BusinessComponents.EP_BusinessComponents.LoginEmployeeportal(EP_BusinessComponents.java:39)
	at com.bhs.scripts.employeeportal.EP_Reservation_Test.EP_ReservationWizardStep1(EP_Reservation_Test.java:406)
... Removed 26 stack frames]]>
    </failure>
  </testcase> <!-- EP_ReservationWizardStep1 -->
  <testcase name="EP_ReservationWizardStep2" time="96.702" classname="com.bhs.scripts.employeeportal.EP_Reservation_Test">
    <failure type="java.lang.AssertionError" message="null">
      <![CDATA[java.lang.AssertionError: null
	at com.bhs.util.REPORTER.LogEvent(REPORTER.java:722)
	at com.bhs.util.REPORTER.catchException(REPORTER.java:1041)
	at com.bhs.util.COMMON_METHODS.editAField(COMMON_METHODS.java:306)
	at com.bhs.BusinessComponents.EP_BusinessComponents.LoginEmployeeportal(EP_BusinessComponents.java:39)
	at com.bhs.scripts.employeeportal.EP_Reservation_Test.EP_ReservationWizardStep2(EP_Reservation_Test.java:449)
... Removed 26 stack frames]]>
    </failure>
  </testcase> <!-- EP_ReservationWizardStep2 -->
  <testcase name="EP_ReservationWizardStep3" time="102.381" classname="com.bhs.scripts.employeeportal.EP_Reservation_Test">
    <failure type="java.lang.AssertionError" message="null">
      <![CDATA[java.lang.AssertionError: null
	at com.bhs.util.REPORTER.LogEvent(REPORTER.java:722)
	at com.bhs.util.REPORTER.catchException(REPORTER.java:1041)
	at com.bhs.util.COMMON_METHODS.editAField(COMMON_METHODS.java:306)
	at com.bhs.BusinessComponents.EP_BusinessComponents.LoginEmployeeportal(EP_BusinessComponents.java:39)
	at com.bhs.scripts.employeeportal.EP_Reservation_Test.EP_ReservationWizardStep3(EP_Reservation_Test.java:500)
... Removed 26 stack frames]]>
    </failure>
  </testcase> <!-- EP_ReservationWizardStep3 -->
  <testcase name="EP_ReservationWizardStep45" time="161.101" classname="com.bhs.scripts.employeeportal.EP_Reservation_Test">
    <failure type="java.lang.AssertionError" message="null">
      <![CDATA[java.lang.AssertionError: null
	at com.bhs.util.REPORTER.LogEvent(REPORTER.java:722)
	at com.bhs.util.REPORTER.catchException(REPORTER.java:1041)
	at com.bhs.util.COMMON_METHODS.VerifyTextPresent(COMMON_METHODS.java:1098)
	at com.bhs.scripts.employeeportal.EP_Reservation_Test.EP_ReservationWizardStep45(EP_Reservation_Test.java:572)
... Removed 26 stack frames]]>
    </failure>
  </testcase> <!-- EP_ReservationWizardStep45 -->
  <testcase name="EP_ReservationWizardStep5" time="112.851" classname="com.bhs.scripts.employeeportal.EP_Reservation_Test">
    <failure type="java.lang.AssertionError" message="null">
      <![CDATA[java.lang.AssertionError: null
	at com.bhs.util.REPORTER.LogEvent(REPORTER.java:722)
	at com.bhs.util.REPORTER.catchException(REPORTER.java:1041)
	at com.bhs.util.COMMON_METHODS.editAField(COMMON_METHODS.java:306)
	at com.bhs.BusinessComponents.EP_BusinessComponents.LoginEmployeeportal(EP_BusinessComponents.java:39)
	at com.bhs.scripts.employeeportal.EP_Reservation_Test.EP_ReservationWizardStep5(EP_Reservation_Test.java:625)
... Removed 26 stack frames]]>
    </failure>
  </testcase> <!-- EP_ReservationWizardStep5 -->
  <testcase name="EP_CompleteReservation" time="174.335" classname="com.bhs.scripts.employeeportal.EP_Reservation_Test">
    <failure type="java.lang.AssertionError" message="null">
      <![CDATA[java.lang.AssertionError: null
	at com.bhs.util.REPORTER.LogEvent(REPORTER.java:722)
	at com.bhs.util.REPORTER.catchException(REPORTER.java:1041)
	at com.bhs.util.COMMON_METHODS.VerifyTextPresent(COMMON_METHODS.java:1098)
	at com.bhs.scripts.employeeportal.EP_Reservation_Test.EP_CompleteReservation(EP_Reservation_Test.java:712)
... Removed 26 stack frames]]>
    </failure>
  </testcase> <!-- EP_CompleteReservation -->
  <testcase name="EP_Reservations_CrisisCareAssist" time="125.478" classname="com.bhs.scripts.employeeportal.EP_Reservation_Test">
    <failure type="java.lang.AssertionError" message="null">
      <![CDATA[java.lang.AssertionError: null
	at com.bhs.util.REPORTER.LogEvent(REPORTER.java:722)
	at com.bhs.util.REPORTER.catchException(REPORTER.java:1041)
	at com.bhs.util.COMMON_METHODS.editAField(COMMON_METHODS.java:306)
	at com.bhs.BusinessComponents.EP_BusinessComponents.LoginEmployeeportal(EP_BusinessComponents.java:39)
	at com.bhs.scripts.employeeportal.EP_Reservation_Test.EP_Reservations_CrisisCareAssist(EP_Reservation_Test.java:754)
... Removed 26 stack frames]]>
    </failure>
  </testcase> <!-- EP_Reservations_CrisisCareAssist -->
  <testcase name="EP_Reservations_MyCareAssist" time="157.974" classname="com.bhs.scripts.employeeportal.EP_Reservation_Test">
    <failure type="java.lang.AssertionError" message="null">
      <![CDATA[java.lang.AssertionError: null
	at com.bhs.util.REPORTER.LogEvent(REPORTER.java:722)
	at com.bhs.util.REPORTER.catchException(REPORTER.java:1041)
	at com.bhs.util.COMMON_METHODS.VerifyTextPresent(COMMON_METHODS.java:1098)
	at com.bhs.scripts.employeeportal.EP_Reservation_Test.EP_Reservations_MyCareAssist(EP_Reservation_Test.java:830)
... Removed 26 stack frames]]>
    </failure>
  </testcase> <!-- EP_Reservations_MyCareAssist -->
</testsuite> <!-- BH EP Basic Flows -->
