<?xml version="1.0" encoding="UTF-8"?>
<!-- Generated by org.testng.reporters.JUnitXMLReporter -->
<testsuite hostname="CSCINDAF026321" name="Cisco" tests="1" failures="1" timestamp="26 Jul 2014 16:00:47 GMT" time="127.539" errors="0">
  <testcase name="EP_SignUpAndCBReservationTest" time="124.103" classname="com.bhs.scripts.employeeportal.EP_CBAndInHomeReservations_Tests">
    <failure type="java.lang.AssertionError" message="null">
      <![CDATA[java.lang.AssertionError: null
	at com.bhs.util.REPORTER.LogEvent(REPORTER.java:722)
	at com.bhs.util.REPORTER.catchException(REPORTER.java:1041)
	at com.bhs.util.COMMON_METHODS.checkBox(COMMON_METHODS.java:454)
	at com.bhs.BusinessComponents.EP_BusinessComponents.EP_AcceptPolicyAndSubmit(EP_BusinessComponents.java:195)
	at com.bhs.scripts.employeeportal.EP_CBAndInHomeReservations_Tests.EP_SignUpAndCBReservationTest(EP_CBAndInHomeReservations_Tests.java:45)
... Removed 26 stack frames]]>
    </failure>
  </testcase> <!-- EP_SignUpAndCBReservationTest -->
</testsuite> <!-- Cisco -->
