<?xml version="1.0" encoding="UTF-8"?>
<!-- Generated by org.testng.reporters.JUnitXMLReporter -->
<testsuite hostname="CSCINDAF026321" name="StateStreetCorp" tests="2" failures="0" timestamp="26 Jul 2014 16:41:11 GMT" time="2.999" errors="0">
  <testcase name="EP_60ClientsCBReservationTest" time="0.0" classname="com.bhs.scripts.employeeportal.EP_SignupRegistration">
    <skipped/>
  </testcase> <!-- EP_60ClientsCBReservationTest -->
  <testcase name="EP_CBReservationTest" time="0.0" classname="com.bhs.scripts.employeeportal.EP_SignupRegistration">
    <skipped/>
  </testcase> <!-- EP_CBReservationTest -->
</testsuite> <!-- StateStreetCorp -->
