<?xml version="1.0" encoding="UTF-8"?>
<testng-results skipped="0" failed="0" total="2" passed="2">
  <reporter-output>
  </reporter-output>
  <suite name="Default suite" duration-ms="48" started-at="2016-04-18T13:38:59Z" finished-at="2016-04-18T13:38:59Z">
    <groups>
    </groups>
    <test name="Default test" duration-ms="48" started-at="2016-04-18T13:38:59Z" finished-at="2016-04-18T13:38:59Z">
      <class name="com.bhs.com.bhs.util.NewTest">
        <test-method status="PASS" signature="beforeSuite()[pri:0, instance:com.bhs.com.bhs.util.NewTest@1618e91]" name="beforeSuite" is-config="true" duration-ms="19" started-at="2016-04-18T19:08:59Z" finished-at="2016-04-18T19:08:59Z">
          <reporter-output>
          </reporter-output>
        </test-method> <!-- beforeSuite -->
        <test-method status="PASS" signature="beforeTest()[pri:0, instance:com.bhs.com.bhs.util.NewTest@1618e91]" name="beforeTest" is-config="true" duration-ms="0" started-at="2016-04-18T19:08:59Z" finished-at="2016-04-18T19:08:59Z">
          <reporter-output>
          </reporter-output>
        </test-method> <!-- beforeTest -->
        <test-method status="PASS" signature="beforeClass()[pri:0, instance:com.bhs.com.bhs.util.NewTest@1618e91]" name="beforeClass" is-config="true" duration-ms="0" started-at="2016-04-18T19:08:59Z" finished-at="2016-04-18T19:08:59Z">
          <reporter-output>
          </reporter-output>
        </test-method> <!-- beforeClass -->
        <test-method status="PASS" signature="beforeMethod()[pri:0, instance:com.bhs.com.bhs.util.NewTest@1618e91]" name="beforeMethod" is-config="true" duration-ms="0" started-at="2016-04-18T19:08:59Z" finished-at="2016-04-18T19:08:59Z">
          <reporter-output>
          </reporter-output>
        </test-method> <!-- beforeMethod -->
        <test-method status="PASS" signature="f(java.lang.Integer, java.lang.String)[pri:0, instance:com.bhs.com.bhs.util.NewTest@1618e91]" name="f" duration-ms="13" started-at="2016-04-18T19:08:59Z" data-provider="dp" finished-at="2016-04-18T19:08:59Z">
          <params>
            <param index="0">
              <value>
                <![CDATA[1]]>
              </value>
            </param>
            <param index="1">
              <value>
                <![CDATA[a]]>
              </value>
            </param>
          </params>
          <reporter-output>
          </reporter-output>
        </test-method> <!-- f -->
        <test-method status="PASS" signature="afterMethod()[pri:0, instance:com.bhs.com.bhs.util.NewTest@1618e91]" name="afterMethod" is-config="true" duration-ms="1" started-at="2016-04-18T19:08:59Z" finished-at="2016-04-18T19:08:59Z">
          <reporter-output>
          </reporter-output>
        </test-method> <!-- afterMethod -->
        <test-method status="PASS" signature="beforeMethod()[pri:0, instance:com.bhs.com.bhs.util.NewTest@1618e91]" name="beforeMethod" is-config="true" duration-ms="1" started-at="2016-04-18T19:08:59Z" finished-at="2016-04-18T19:08:59Z">
          <reporter-output>
          </reporter-output>
        </test-method> <!-- beforeMethod -->
        <test-method status="PASS" signature="f(java.lang.Integer, java.lang.String)[pri:0, instance:com.bhs.com.bhs.util.NewTest@1618e91]" name="f" duration-ms="1" started-at="2016-04-18T19:08:59Z" data-provider="dp" finished-at="2016-04-18T19:08:59Z">
          <params>
            <param index="0">
              <value>
                <![CDATA[2]]>
              </value>
            </param>
            <param index="1">
              <value>
                <![CDATA[b]]>
              </value>
            </param>
          </params>
          <reporter-output>
          </reporter-output>
        </test-method> <!-- f -->
        <test-method status="PASS" signature="afterMethod()[pri:0, instance:com.bhs.com.bhs.util.NewTest@1618e91]" name="afterMethod" is-config="true" duration-ms="0" started-at="2016-04-18T19:08:59Z" finished-at="2016-04-18T19:08:59Z">
          <reporter-output>
          </reporter-output>
        </test-method> <!-- afterMethod -->
        <test-method status="PASS" signature="afterClass()[pri:0, instance:com.bhs.com.bhs.util.NewTest@1618e91]" name="afterClass" is-config="true" duration-ms="1" started-at="2016-04-18T19:08:59Z" finished-at="2016-04-18T19:08:59Z">
          <reporter-output>
          </reporter-output>
        </test-method> <!-- afterClass -->
        <test-method status="PASS" signature="afterTest()[pri:0, instance:com.bhs.com.bhs.util.NewTest@1618e91]" name="afterTest" is-config="true" duration-ms="0" started-at="2016-04-18T19:08:59Z" finished-at="2016-04-18T19:08:59Z">
          <reporter-output>
          </reporter-output>
        </test-method> <!-- afterTest -->
        <test-method status="PASS" signature="afterSuite()[pri:0, instance:com.bhs.com.bhs.util.NewTest@1618e91]" name="afterSuite" is-config="true" duration-ms="0" started-at="2016-04-18T19:08:59Z" finished-at="2016-04-18T19:08:59Z">
          <reporter-output>
          </reporter-output>
        </test-method> <!-- afterSuite -->
      </class> <!-- com.bhs.com.bhs.util.NewTest -->
    </test> <!-- Default test -->
  </suite> <!-- Default suite -->
</testng-results>
