<?xml version="1.0" encoding="UTF-8"?>
<!-- Generated by org.testng.reporters.JUnitXMLReporter -->
<testsuite hostname="CSCINDAF026321" name="BrightHorizonsFamilySolutions" tests="1" failures="1" timestamp="28 Jul 2014 08:09:47 GMT" time="233.073" errors="0">
  <testcase name="EP_SignUpAndCBReservationTest" time="230.109" classname="com.bhs.scripts.employeeportal.EP_CBAndInHomeReservations_Tests">
    <failure type="java.lang.AssertionError" message="null">
      <![CDATA[java.lang.AssertionError: null
	at com.bhs.util.REPORTER.LogEvent(REPORTER.java:722)
	at com.bhs.util.REPORTER.catchException(REPORTER.java:1041)
	at com.bhs.util.COMMON_METHODS.editAField(COMMON_METHODS.java:337)
	at com.bhs.BusinessComponents.EP_BusinessComponents.addCareRecipients(EP_BusinessComponents.java:1810)
	at com.bhs.BusinessComponents.EP_BusinessComponents.EP_Registration(EP_BusinessComponents.java:233)
	at com.bhs.scripts.employeeportal.EP_CBAndInHomeReservations_Tests.EP_SignUpAndCBReservationTest(EP_CBAndInHomeReservations_Tests.java:71)
... Removed 26 stack frames]]>
    </failure>
  </testcase> <!-- EP_SignUpAndCBReservationTest -->
</testsuite> <!-- BrightHorizonsFamilySolutions -->
